"../../../Engine/Content/EditorBlueprintResources/StandardMacros.uasset" 0
"../../../../../Users/baongu/Documents/GitHub/TrashSorting2020/Content/GameMode/MySaveGame.uasset" 1
"../../../../../Users/baongu/Documents/GitHub/TrashSorting2020/Content/Assets/Map/map_BGcolor.uasset" 2
"../../../../../Users/baongu/Documents/GitHub/TrashSorting2020/Content/Assets/Map/map_path.uasset" 3
"../../../../../Users/baongu/Documents/GitHub/TrashSorting2020/Content/Assets/Map/map_start_finish_platform.uasset" 4
"../../../../../Users/baongu/Documents/GitHub/TrashSorting2020/Content/Assets/Map/trashcan2.uasset" 5
"../../../../../Users/baongu/Documents/GitHub/TrashSorting2020/Content/UI_Widget/Menus/MapMenu.uasset" 6
"../../../../../Users/baongu/Documents/GitHub/TrashSorting2020/Content/UI_Widget/Menus/WinMenu.uasset" 7
"../../../../../Users/baongu/Documents/GitHub/TrashSorting2020/Content/GameMode/MyGameMode.uasset" 8
"../../../../../Users/baongu/Documents/GitHub/TrashSorting2020/Content/Trash/E-waste.uasset" 9
"../../../Engine/Content/EditorResources/MatineeCam_D.uasset" 10
"../../../Engine/Content/EditorMaterials/MatineeCam_mat.uasset" 11
"../../../../../Users/baongu/Documents/GitHub/TrashSorting2020/Content/Assets/3D/Material__25.uasset" 12
"../../../../../Users/baongu/Documents/GitHub/TrashSorting2020/Content/Assets/3D/Prop_Ewaste_Computer.uasset" 13
"../../../../../Users/baongu/Documents/GitHub/TrashSorting2020/Content/Trash/E-waste/BP_Computer.uasset" 14
"../../Plugins/2D/Paper2D/Content/PlaceholderTextures/DummySpriteTexture.uasset" 15
"../../Plugins/2D/Paper2D/Content/PlaceholderTextures/FlatNormalMap.uasset" 16
"../../Plugins/2D/Paper2D/Content/DefaultLitSpriteMaterial.uasset" 17
"../../../Engine/Content/Functions/Engine_MaterialFunctions01/Opacity/CameraDepthFade.uasset" 18
"../../../Engine/Content/EngineMaterials/T_Default_Material_Grid_M.uasset" 19
"../../../Engine/Content/EngineMaterials/T_Default_Material_Grid_N.uasset" 20
"../../../Engine/Content/EngineMaterials/DefaultMaterial.uasset" 21
"../../../Engine/Content/BasicShapes/Cone.uasset" 22
"../../../../../Users/baongu/Documents/GitHub/TrashSorting2020/Content/Trash/Plastic.uasset" 23
"../../../Engine/Content/Functions/Engine_MaterialFunctions02/ExampleContent/Gradient.uasset" 24
"../../../Engine/Content/Functions/Engine_MaterialFunctions02/ExampleContent/Greyscale.uasset" 25
"../../../Engine/Content/Functions/Engine_MaterialFunctions02/Gradients/GradientMap_Multi.uasset" 26
"../../../Engine/Content/Functions/Engine_MaterialFunctions02/ExampleContent/GradientMap_Multi_Example.uasset" 27
"../../../Engine/Content/EngineDebugMaterials/TangentColorMap.uasset" 28
"../../../Engine/Content/EngineDebugMaterials/TangentColorMaterial.uasset" 29
"../../../../../Users/baongu/Documents/GitHub/TrashSorting2020/Content/Assets/3D/prop_plasticBottle.uasset" 30
"../../../../../Users/baongu/Documents/GitHub/TrashSorting2020/Content/Trash/Plastic/Bottle.uasset" 31
"../../../../../Users/baongu/Documents/GitHub/TrashSorting2020/Content/Assets/Buttons/PauseButton_TestVersion.uasset" 32
"../../../../../Users/baongu/Documents/GitHub/TrashSorting2020/Content/UI_Widget/Menus/LoseMenu.uasset" 33
"../../../../../Users/baongu/Documents/GitHub/TrashSorting2020/Content/Assets/Buttons/ExitButton_TestVersion.uasset" 34
"../../../../../Users/baongu/Documents/GitHub/TrashSorting2020/Content/Assets/Buttons/PlayButton_TestVersion.uasset" 35
"../../../../../Users/baongu/Documents/GitHub/TrashSorting2020/Content/Assets/Buttons/ReplayButton_TestVersion.uasset" 36
"../../../../../Users/baongu/Documents/GitHub/TrashSorting2020/Content/UI_Widget/Menus/PauseMenu.uasset" 37
"../../../../../Users/baongu/Documents/GitHub/TrashSorting2020/Content/UI_Widget/GameUI.uasset" 38
"../../../../../Users/baongu/Documents/GitHub/TrashSorting2020/Content/GameMode/MyHUD.uasset" 39
"../../../Engine/Content/Functions/Engine_MaterialFunctions02/Texturing/CustomRotator.uasset" 40
"../../Plugins/Enterprise/DatasmithContent/Content/Materials/FBXImporter/DeltaGenUVEdit.uasset" 41
"../../../Engine/Content/Functions/Engine_MaterialFunctions01/Texturing/FlattenNormal.uasset" 42
"../../../Engine/Content/EngineResources/WhiteSquareTexture.uasset" 43
"../../Plugins/Enterprise/DatasmithContent/Content/Materials/FBXImporter/DeltaGenBase.uasset" 44
"../../../Engine/Content/Functions/Engine_MaterialFunctions01/Gradient/LinearGradient.uasset" 45
"../../../Engine/Content/Functions/Engine_MaterialFunctions01/ImageAdjustment/CheapContrast.uasset" 46
"../../../Engine/Content/Functions/Engine_MaterialFunctions02/SafeNormalize.uasset" 47
"../../../Engine/Content/Functions/Engine_MaterialFunctions02/Math/CreateThirdOrthogonalVector.uasset" 48
"../../../Engine/Content/Functions/Engine_MaterialFunctions02/Utility/BreakOutFloat3Components.uasset" 49
"../../../Engine/Content/Functions/Engine_MaterialFunctions02/Math/Transform3x3Matrix.uasset" 50
"../../../Engine/Content/Functions/Engine_MaterialFunctions02/Texturing/HeightLerpWithTwoHeightMaps.uasset" 51
"../../../Engine/Content/Functions/Engine_MaterialFunctions02/Utility/BreakOutFloat2Components.uasset" 52
"../../../Engine/Content/Functions/Engine_MaterialFunctions02/Utility/MakeFloat3.uasset" 53
"../../../Engine/Content/EngineMaterials/BaseFlattenNormalMap.uasset" 54
"../../../Engine/Content/Functions/Engine_MaterialFunctions02/WorldAlignedNormals_HighQuality.uasset" 55
"../../../Engine/Content/EngineMaterials/DefaultDiffuse.uasset" 56
"../../../Engine/Content/EngineMaterials/DefaultNormal_Uncompressed.uasset" 57
"../../../Engine/Content/Functions/Engine_MaterialFunctions02/Texturing/WorldAlignedTextures_Complex.uasset" 58
"../../../Engine/Content/EngineMaterials/DefaultNormal.uasset" 59
"../../../Engine/Content/EngineResources/DefaultTexture.uasset" 60
"../../Plugins/Enterprise/DatasmithContent/Content/Materials/FBXImporter/DeltaGenMasterClearCoat.uasset" 61
"../../Plugins/Developer/AnimationSharing/Content/AnimSharingBase.uasset" 62
"../../Plugins/Developer/AnimationSharing/Content/AnimSharingGreen.uasset" 63
"../../../Engine/Content/EngineMeshes/Cube.uasset" 64
"../../../Engine/Content/EngineMeshes/Sphere.uasset" 65
"../../../Engine/Content/Functions/Engine_MaterialFunctions02/SupportFiles/1x1x1_Box_Pivot_-XYZ.uasset" 66
"../../../../../Users/baongu/Documents/GitHub/TrashSorting2020/Content/Dial.uasset" 67
"../../Plugins/Enterprise/DatasmithContent/Content/Materials/FBXImporter/VREDMasterAbsorb.uasset" 68
"../../../../../Users/baongu/Documents/GitHub/TrashSorting2020/Content/Assets/3D/c-v.uasset" 69
"../../../../../Users/baongu/Documents/GitHub/TrashSorting2020/Content/Trash/BaseTrash.uasset" 70
"../../../../../Users/baongu/Documents/GitHub/TrashSorting2020/Content/c-v_Blueprint.uasset" 71
"../../../../../Users/baongu/Documents/GitHub/TrashSorting2020/Content/Camera.uasset" 72
"../../../../../Users/baongu/Documents/GitHub/TrashSorting2020/Content/Test.uasset" 73
"../../../../../Users/baongu/Documents/GitHub/TrashSorting2020/Content/Assets/3D/Material__24.uasset" 74
"../../../../../Users/baongu/Documents/GitHub/TrashSorting2020/Content/Assets/3D/Prop_Ewaste_Bin1.uasset" 75
"../../../../../Users/baongu/Documents/GitHub/TrashSorting2020/Content/Assets/3D/Prop_Ewaste_Bin.uasset" 76
"../../../../../Users/baongu/Documents/GitHub/TrashSorting2020/Content/Assets/Map/map_star_empty.uasset" 77
"../../../../../Users/baongu/Documents/GitHub/TrashSorting2020/Content/Assets/Map/map_star_full.uasset" 78
"../../../Engine/Content/Animation/DefaultAnimCurveCompressionSettings.uasset" 79
"../../../Engine/Content/EngineMaterials/WorldGridMaterial.uasset" 80
"../../../Engine/Content/ArtTools/RenderToTexture/Meshes/S_1_Unit_Plane.uasset" 81
"../../../Engine/Content/BasicShapes/Cube.uasset" 82
"../../../Engine/Content/BasicShapes/Plane.uasset" 83
"../../../Engine/Content/BasicShapes/Sphere.uasset" 84
"../../../Engine/Content/EditorLandscapeResources/DataLayer.uasset" 85
"../../../Engine/Content/EditorMaterials/MAT_Groups_Toggle.uasset" 86
"../../../Engine/Content/EditorMaterials/MAT_Groups_Visibility.uasset" 87
"../../../Engine/Content/EditorMaterials/PreviewShadowIndicator.uasset" 88
"../../../Engine/Content/EditorMaterials/PreviewShadowIndicatorMaterial.uasset" 89
"../../../Engine/Content/EditorMaterials/MatineeGroups/MAT_ColorTrack.uasset" 90
"../../../Engine/Content/EditorMaterials/MatineeGroups/MAT_Groups_Anim.uasset" 91
"../../../Engine/Content/EditorMaterials/MatineeGroups/MAT_Groups_AudioMaster.uasset" 92
"../../../Engine/Content/EditorMaterials/MatineeGroups/MAT_Groups_Director.uasset" 93
"../../../Engine/Content/EditorMaterials/MatineeGroups/MAT_Groups_Event.uasset" 94
"../../../Engine/Content/EditorMaterials/MatineeGroups/MAT_Groups_Fade.uasset" 95
"../../../Engine/Content/EditorMaterials/MatineeGroups/MAT_Groups_Float.uasset" 96
"../../../Engine/Content/EditorMaterials/MatineeGroups/MAT_Groups_Move.uasset" 97
"../../../Engine/Content/EditorMaterials/MatineeGroups/MAT_Groups_Slomo.uasset" 98
"../../../Engine/Content/EditorMaterials/MatineeGroups/MAT_Groups_Sound.uasset" 99
"../../../Engine/Content/EditorMaterials/MatineeGroups/MAT_Groups_Vector.uasset" 100
"../../../Engine/Content/EditorMaterials/ParticleSystems/PSysThumbnail_NoImage.uasset" 101
"../../../Engine/Content/EditorMaterials/ParticleSystems/PSysThumbnail_OOD.uasset" 102
"../../../Engine/Content/EditorMaterials/Camera/CineMat.uasset" 103
"../../../Engine/Content/EditorMaterials/Camera/MI_CineMat_Rig.uasset" 104
"../../../Engine/Content/EditorMeshes/Camera/SM_CraneRig_Arm.uasset" 105
"../../../Engine/Content/EditorMeshes/Camera/SM_CraneRig_Base.uasset" 106
"../../../Engine/Content/EditorMeshes/Camera/SM_CraneRig_Body.uasset" 107
"../../../Engine/Content/EditorMeshes/Camera/SM_CraneRig_Mount.uasset" 108
"../../../Engine/Content/EditorMeshes/Camera/SM_RailRig_Mount.uasset" 109
"../../../Engine/Content/EditorMeshes/Camera/SM_RailRig_Track.uasset" 110
"../../../Engine/Content/EditorResources/BSPVertex.uasset" 111
"../../../Engine/Content/EditorResources/EmptyActor.uasset" 112
"../../../Engine/Content/EditorResources/S_Actor.uasset" 113
"../../../Engine/Content/EditorResources/S_Note.uasset" 114
"../../../Engine/Content/EditorResources/S_Solver.uasset" 115
"../../../Engine/Content/EditorResources/S_Trigger.uasset" 116
"../../../Engine/Content/EditorResources/LightIcons/S_LightError.uasset" 117
"../../../Engine/Content/EditorResources/SequenceRecorder/Countdown.uasset" 118
"../../../Engine/Content/EditorResources/SequenceRecorder/RecordingIndicator.uasset" 119
"../../../Engine/Content/EditorSounds/Notifications/CompileFailed.uasset" 120
"../../../Engine/Content/EditorSounds/Notifications/CompileFailed_Cue.uasset" 121
"../../../Engine/Content/EditorSounds/Notifications/CompileSuccess.uasset" 122
"../../../Engine/Content/EditorSounds/Notifications/CompileStart_Cue.uasset" 123
"../../../Engine/Content/EditorSounds/Notifications/CompileSuccess_Cue.uasset" 124
"../../../Engine/Content/EngineDamageTypes/DmgTypeBP_Environmental.uasset" 125
"../../../Engine/Content/EngineDebugMaterials/DebugEditorMaterial.uasset" 126
"../../../Engine/Content/EngineDebugMaterials/DebugMeshMaterial.uasset" 127
"../../../Engine/Content/EngineDebugMaterials/M_SimpleTranslucent.uasset" 128
"../../../Engine/Content/Functions/Engine_MaterialFunctions02/Utility/CameraDirectionVector.uasset" 129
"../../../Engine/Content/EngineDebugMaterials/VolumeToRender.uasset" 130
"../../../Engine/Content/EngineDebugMaterials/M_VolumeRenderSphereTracePP.uasset" 131
"../../../Engine/Content/EngineDebugMaterials/WireframeMaterial.uasset" 132
"../../../Engine/Content/EngineFonts/Faces/DroidSansFallback.uasset" 133
"../../../Engine/Content/EngineFonts/Faces/RobotoBold.uasset" 134
"../../../Engine/Content/EngineFonts/Faces/RobotoBoldItalic.uasset" 135
"../../../Engine/Content/EngineFonts/Faces/RobotoItalic.uasset" 136
"../../../Engine/Content/EngineFonts/Faces/RobotoLight.uasset" 137
"../../../Engine/Content/EngineFonts/Faces/RobotoRegular.uasset" 138
"../../../Engine/Content/EngineFonts/Roboto.uasset" 139
"../../../Engine/Content/EngineMaterials/BaseFlattenDiffuseMap.uasset" 140
"../../../Engine/Content/EngineMaterials/BaseFlattenEmissiveMap.uasset" 141
"../../../Engine/Content/EngineMaterials/BaseFlattenGrayscaleMap.uasset" 142
"../../../Engine/Content/EngineMaterials/BaseFlattenMaterial.uasset" 143
"../../../Engine/Content/EngineMaterials/BlueNoise.uasset" 144
"../../../Engine/Content/EngineMaterials/DefaultBloomKernel.uasset" 145
"../../../Engine/Content/EngineMaterials/DefaultBokeh.uasset" 146
"../../../Engine/Content/EngineMaterials/DefaultDeferredDecalMaterial.uasset" 147
"../../../Engine/Content/EngineMaterials/DefaultLightFunctionMaterial.uasset" 148
"../../../Engine/Content/EngineMaterials/DefaultPhysicalMaterial.uasset" 149
"../../../Engine/Content/EngineMaterials/DefaultPostProcessMaterial.uasset" 150
"../../../Engine/Content/EngineFonts/RobotoDistanceField.uasset" 151
"../../../Engine/Content/EngineMaterials/DefaultTextMaterialOpaque.uasset" 152
"../../../Engine/Content/EngineMaterials/DefaultVirtualTextureMaterial.uasset" 153
"../../../Engine/Content/EngineMaterials/DefaultWhiteGrid.uasset" 154
"../../../Engine/Content/EngineMaterials/DefaultWhiteGrid_Low.uasset" 155
"../../../Engine/Content/EngineMaterials/EmissiveMeshMaterial.uasset" 156
"../../../Engine/Content/EngineMaterials/GizmoMaterial.uasset" 157
"../../../Engine/Content/EngineMaterials/Good64x64TilingNoiseHighFreq.uasset" 158
"../../../Engine/Content/EngineMaterials/HairDefaultMaterial.uasset" 159
"../../../Engine/Content/EngineMaterials/MiniFont.uasset" 160
"../../../Engine/Content/EngineMaterials/InvalidLightmapSettings.uasset" 161
"../../../Engine/Content/EngineMaterials/M_InvalidLightmapSettings.uasset" 162
"../../../Engine/Content/Functions/Engine_MaterialFunctions02/WorldPositionOffset/CameraOffset.uasset" 163
"../../../Engine/Content/EngineMaterials/PhAT_JointLimitMaterial.uasset" 164
"../../../Engine/Content/EngineMaterials/PreintegratedSkinBRDF.uasset" 165
"../../../Engine/Content/EngineMaterials/RemoveSurfaceMaterial.uasset" 166
"../../../Engine/Content/EngineMaterials/WeightMapPlaceholderTexture.uasset" 167
"../../../Engine/Content/EngineMaterials/Widget3DPassThrough.uasset" 168
"../../../Engine/Content/EngineMaterials/Widget3DPassThrough_Masked.uasset" 169
"../../../Engine/Content/EngineMaterials/Widget3DPassThrough_Opaque.uasset" 170
"../../../Engine/Content/EngineMaterials/Widget3DPassThrough_Masked_OneSided.uasset" 171
"../../../Engine/Content/EngineMaterials/Widget3DPassThrough_Opaque_OneSided.uasset" 172
"../../../Engine/Content/EngineMaterials/Widget3DPassThrough_Translucent.uasset" 173
"../../../Engine/Content/EngineMaterials/Widget3DPassThrough_Translucent_OneSided.uasset" 174
"../../../Engine/Content/EngineMeshes/Cylinder.uasset" 175
"../../../Engine/Content/EngineResources/Black.uasset" 176
"../../../Engine/Content/EngineResources/DefaultTextureCube.uasset" 177
"../../../Engine/Content/EngineResources/DefaultVolumeTexture2D.uasset" 178
"../../../Engine/Content/EngineResources/DefaultVolumeTexture.uasset" 179
"../../../Engine/Content/EngineResources/GradientTexture0.uasset" 180
"../../../Engine/Content/EngineSounds/Master.uasset" 181
"../../../Engine/Content/Functions/Engine_MaterialFunctions01/Shading/ConvertFromDiffSpec.uasset" 182
"../../../Engine/Content/Functions/Engine_MaterialFunctions01/Shading/PowerToRoughness.uasset" 183
"../../../Engine/Content/Maps/Templates/Thumbnails/Default.uasset" 184
"../../../Engine/Content/Maps/Templates/Thumbnails/TimeOfDay.uasset" 185
"../../../Engine/Content/Maps/Templates/Thumbnails/VR-Basic.uasset" 186
"../../../Engine/Content/MobileResources/T_MobileControls_texture.uasset" 187
"../../../Engine/Content/MobileResources/T_MobileMenu2.uasset" 188
"../../../Engine/Content/MobileResources/HUD/AnalogHat.uasset" 189
"../../../Engine/Content/MobileResources/HUD/VirtualJoystick_Background.uasset" 190
"../../../Engine/Content/MobileResources/HUD/VirtualJoystick_Thumb.uasset" 191
"../../../Engine/Content/MobileResources/HUD/DefaultVirtualJoysticks.uasset" 192
"../../../Engine/Content/MobileResources/HUD/LeftVirtualJoystickOnly.uasset" 193
"../../../Engine/Content/MobileResources/HUD/MobileHUDButton1_off.uasset" 194
"../../../Engine/Content/MobileResources/HUD/MobileHUDButton1_on.uasset" 195
"../../../Engine/Content/MobileResources/HUD/MobileHUDButton2_off.uasset" 196
"../../../Engine/Content/MobileResources/HUD/MobileHUDButton2_on.uasset" 197
"../../../Engine/Content/MobileResources/HUD/MobileHUDButton3.uasset" 198
"../../../Engine/Content/MobileResources/HUD/MobileHUDButtonFire.uasset" 199
"../../../Engine/Content/MobileResources/HUD/MobileHUDDirectionPad.uasset" 200
"../../../Engine/Content/MobileResources/HUD/MobileHUDDirectionPad2.uasset" 201
"../../../Engine/Content/MobileResources/HUD/MobileHUDDirectionPad3.uasset" 202
"../../../Engine/Content/MobileResources/HUD/MobileHUDDirectionStick.uasset" 203
"../../../Engine/Content/MobileResources/HUD/T_Castle_ThumbstickInner.uasset" 204
"../../../Engine/Content/MobileResources/HUD/T_Castle_ThumbstickOutter.uasset" 205
"../../../Engine/Content/Tutorial/ContentIntroCurve.uasset" 206
"../../../Engine/Content/Tutorial/Basics/LevelEditorAttract.uasset" 207
"../../../Engine/Content/Tutorial/Basics/TutorialAssets/icon_tab_Levels_40x.uasset" 208
"../../../Engine/Content/Tutorial/Basics/LevelEditorOverview.uasset" 209
"../../../Engine/Content/Tutorial/BlueprintTutorials/TutorialAssets/Blueprint_64x.uasset" 210
"../../../Engine/Content/Tutorial/BlueprintTutorials/BlueprintEditorTutorial.uasset" 211
"../../../Engine/Content/VREditor/LaserPointer/VR_LaserPower_01.uasset" 212
"../../../Engine/Content/VREditor/TransformGizmo/TransformGizmoMaterial.uasset" 213
"../../../Engine/Content/VREditor/TransformGizmo/TranslucentTransformGizmoMaterial.uasset" 214
"../../../Engine/Content/VREditor/TransformGizmo/BoundingBoxCorner.uasset" 215
"../../../Engine/Content/VREditor/TransformGizmo/BoundingBoxEdge.uasset" 216
"../../../Engine/Content/VREditor/TransformGizmo/PlaneTranslationHandle.uasset" 217
"../../../Engine/Content/VREditor/TransformGizmo/Main.uasset" 218
"../../../Engine/Content/VREditor/TransformGizmo/Xray.uasset" 219
"../../../Engine/Content/VREditor/TransformGizmo/SM_Sequencer_Key.uasset" 220
"../../../Engine/Content/VREditor/TransformGizmo/SM_Sequencer_Node.uasset" 221
"../../Plugins/2D/Paper2D/Content/DummySprite.uasset" 222
"../../Plugins/2D/Paper2D/Content/DefaultPaperTerrainMaterial.uasset" 223
"../../Plugins/2D/Paper2D/Content/DummySpriteTexture.uasset" 224
"../../Plugins/2D/Paper2D/Content/DefaultSpriteMaterial.uasset" 225
"../../Plugins/2D/Paper2D/Content/MaskedUnlitSpriteMaterial.uasset" 226
"../../Plugins/2D/Paper2D/Content/OpaqueUnlitSpriteMaterial.uasset" 227
"../../../Engine/Content/Functions/Engine_MaterialFunctions02/Utility/BreakOutFloat4Components.uasset" 228
"../../../Engine/Content/Functions/Engine_MaterialFunctions02/Utility/MakeFloat2.uasset" 229
"../../Plugins/Runtime/Oculus/OculusVR/Content/Materials/OculusMR_ChromaKey.uasset" 230
"../../Plugins/Runtime/Oculus/OculusVR/Content/Materials/OculusMR_ChromaKey_Lit.uasset" 231
"../../Plugins/Runtime/Oculus/OculusVR/Content/Materials/OculusMR_OpaqueColoredMaterial.uasset" 232
"../../Plugins/Runtime/Oculus/OculusVR/Content/Materials/OculusMR_WhiteMaterial.uasset" 233
"../../../Engine/Content/EngineSky/C_Sky_Cloud_Color.uasset" 234
"../../../Engine/Content/EngineSky/C_Sky_Horizon_Color.uasset" 235
"../../../Engine/Content/EngineSky/C_Sky_Zenith_Color.uasset" 236
"../../../Engine/Content/EngineSky/T_Sky_Blue.uasset" 237
"../../../Engine/Content/EngineSky/T_Sky_Clouds_M.uasset" 238
"../../../Engine/Content/EngineSky/T_Sky_Stars.uasset" 239
"../../../Engine/Content/EngineSky/M_Sky_Panning_Clouds2.uasset" 240
"../../../Engine/Content/EngineSky/SM_SkySphere.uasset" 241
"../../../Engine/Content/EngineSky/BP_Sky_Sphere.uasset" 242
"../../../../../Users/baongu/Documents/GitHub/TrashSorting2020/Content/Assets/Animation/Export_Skeleton.uasset" 243
"../../../../../Users/baongu/Documents/GitHub/TrashSorting2020/Content/Assets/Animation/Export_Anim_Armature_Action_1.uasset" 244
"../../../../../Users/baongu/Documents/GitHub/TrashSorting2020/Content/Assets/Animation/Export_Anim_Armature_Move_Around.uasset" 245
"../../../../../Users/baongu/Documents/GitHub/TrashSorting2020/Content/Assets/Animation/Base_color.uasset" 246
"../../../../../Users/baongu/Documents/GitHub/TrashSorting2020/Content/Assets/Animation/Cap.uasset" 247
"../../../../../Users/baongu/Documents/GitHub/TrashSorting2020/Content/Assets/Animation/Hand.uasset" 248
"../../../../../Users/baongu/Documents/GitHub/TrashSorting2020/Content/Assets/Animation/Hand_001.uasset" 249
"../../../../../Users/baongu/Documents/GitHub/TrashSorting2020/Content/Assets/Animation/Hand_02.uasset" 250
"../../../../../Users/baongu/Documents/GitHub/TrashSorting2020/Content/Assets/Animation/Head.uasset" 251
"../../../../../Users/baongu/Documents/GitHub/TrashSorting2020/Content/Assets/Animation/Export_PhysicsAsset.uasset" 252
"../../../../../Users/baongu/Documents/GitHub/TrashSorting2020/Content/Assets/Animation/Export.uasset" 253
"../../../../../Users/baongu/Documents/GitHub/TrashSorting2020/Content/UI_Widget/Text.uasset" 254
"../../../../../Users/baongu/Documents/GitHub/TrashSorting2020/Content/Bin/BaseBin.uasset" 255
"../../../../../Users/baongu/Documents/GitHub/TrashSorting2020/Content/Bin/BP_E-waste_Bin.uasset" 256
"../../../../../Users/baongu/Documents/GitHub/TrashSorting2020/Content/Trash/Metal.uasset" 257
"../../../../../Users/baongu/Documents/GitHub/TrashSorting2020/Content/Bin/BP_Metal_Bin.uasset" 258
"../../../../../Users/baongu/Documents/GitHub/TrashSorting2020/Content/Bin/BP_Plastic_Bin.uasset" 259
"../../../Engine/Content/MapTemplates/Sky/Desert_Outer_HDR.uasset" 260
"../../../Engine/Content/MapTemplates/Sky/Desert_Outer_HDR_Mat.uasset" 261
"../../../../../Users/baongu/Documents/GitHub/TrashSorting2020/Content/Obstacle.uasset" 262
"../../../../../Users/baongu/Documents/GitHub/TrashSorting2020/Content/Levels/Level0_BuiltData.uasset" 263
"../../Plugins/Enterprise/DatasmithContent/Content/Materials/FBXImporter/DeltaGenMasterTransparent.uasset" 264
"../../../Engine/Content/MapTemplates/SM_Template_Map_Floor.uasset" 265
"../../../../../Users/baongu/Documents/GitHub/TrashSorting2020/Content/UI_Widget/Wind.uasset" 266
"../../../../../Users/baongu/Documents/GitHub/TrashSorting2020/Content/Levels/Level0.umap" 267
"../../../../../Users/baongu/Documents/GitHub/TrashSorting2020/Content/UI_Widget/Menus/MainMenu.uasset" 268
"../../../../../Users/baongu/Documents/GitHub/TrashSorting2020/Content/Levels/MainMenuLevel.umap" 269
"../../../../../Users/baongu/Documents/GitHub/TrashSorting2020/Content/testt.uasset" 270
"../../../../../Users/baongu/Documents/GitHub/TrashSorting2020/Content/Levels/SharadLevel.umap" 271
"../../../../../Users/baongu/Documents/GitHub/TrashSorting2020/Content/Levels/ThuyetLevel.umap" 272
"../../../../../Users/baongu/Documents/GitHub/TrashSorting2020/Content/Assets/timer.uasset" 273
"../../../../../Users/baongu/Documents/GitHub/TrashSorting2020/Content/Levels/Level_1-5/Level1_BuiltData.uasset" 274
"../../../Engine/Content/BasicShapes/BasicShapeMaterial.uasset" 275
"../../../Engine/Content/BasicShapes/Cylinder.uasset" 276
"../../../../../Users/baongu/Documents/GitHub/TrashSorting2020/Content/Levels/Level_1-5/Level1.umap" 277
"../../../../../Users/baongu/Documents/GitHub/TrashSorting2020/Content/Levels/Level_1-5/Level2_BuiltData.uasset" 278
"../../../../../Users/baongu/Documents/GitHub/TrashSorting2020/Content/Levels/Level_1-5/Level2.umap" 279
"../../../../../Users/baongu/Documents/GitHub/TrashSorting2020/Content/Levels/Level_1-5/Level3.umap" 280
"../../../../../Users/baongu/Documents/GitHub/TrashSorting2020/Content/Levels/Level_1-5/Level4.umap" 281
"../../../../../Users/baongu/Documents/GitHub/TrashSorting2020/Content/Levels/Level_1-5/Level5.umap" 282
"../../../../../Users/baongu/Documents/GitHub/TrashSorting2020/Content/Levels/Level_6-10/Level10.umap" 283
"../../../../../Users/baongu/Documents/GitHub/TrashSorting2020/Content/Levels/Level_6-10/Level6.umap" 284
"../../../../../Users/baongu/Documents/GitHub/TrashSorting2020/Content/Levels/Level_6-10/Level7.umap" 285
"../../../../../Users/baongu/Documents/GitHub/TrashSorting2020/Content/Levels/Level_6-10/Level8.umap" 286
"../../../../../Users/baongu/Documents/GitHub/TrashSorting2020/Content/Levels/Level_6-10/Level9.umap" 287
"../../../Engine/Content/Maps/Entry_BuiltData.uasset" 288
"../../../Engine/Content/Maps/Entry.umap" 289
